-- Detected processor: x86_64
-- Found PythonInterp: ../.virtualenvs/cv/bin/python (found suitable version "3.6.9", minimum required is "2.7") 
-- Looking for ccache - not found
-- Found ZLIB: /usr/lib/x86_64-linux-gnu/libz.so (found suitable version "1.2.11", minimum required is "1.2.3") 
-- Could NOT find OpenJPEG (minimal suitable version: 2.0, recommended version >= 2.3.1). OpenJPEG will be built from sources
-- OpenJPEG: VERSION = 2.4.0, BUILD = opencv-4.5.2-openjp2-2.4.0
-- OpenJPEG libraries will be built from sources: libopenjp2 (version "2.4.0")
-- Found ZLIB: /usr/lib/x86_64-linux-gnu/libz.so (found version "1.2.11") 
-- libva: missing va.h header (VA_INCLUDE_DIR)
-- found Intel IPP (ICV version): 2020.0.0 [2020.0.0 Gold]
-- at: ../opencv-4.5.2/build/3rdparty/ippicv/ippicv_lnx/icv
-- found Intel IPP Integration Wrappers sources: 2020.0.0
-- at: ../opencv-4.5.2/build/3rdparty/ippicv/ippicv_lnx/iw
-- LAPACK(Atlas): LAPACK_LIBRARIES: /usr/lib/x86_64-linux-gnu/liblapack.so;/usr/lib/x86_64-linux-gnu/libcblas.so;/usr/lib/x86_64-linux-gnu/libatlas.so
-- LAPACK(Atlas): Support is enabled.
-- Could NOT find JNI (missing: JAVA_INCLUDE_PATH JAVA_INCLUDE_PATH2 JAVA_AWT_INCLUDE_PATH) 
-- Could NOT find Pylint (missing: PYLINT_EXECUTABLE) 
-- Could NOT find Flake8 (missing: FLAKE8_EXECUTABLE) 
-- VTK is not found. Please set -DVTK_DIR in CMake to VTK build directory, or to VTK install subdirectory with VTKConfig.cmake file
-- OpenCV Python: during development append to PYTHONPATH: ../opencv-4.5.2/build/python_loader
-- Checking for module 'libavresample'
--   No package 'libavresample' found
-- Module opencv_alphamat disabled because the following dependencies are not found: Eigen
-- Caffe:   NO
-- Protobuf:   NO
-- Glog:   YES
-- freetype2:   YES (ver 21.0.15)
-- harfbuzz:    YES (ver 1.7.2)
-- Could NOT find HDF5 (missing: HDF5_LIBRARIES HDF5_INCLUDE_DIRS) (found version "")
-- Julia not found. Not compiling Julia Bindings. 
-- Module opencv_ovis disabled because OGRE3D was not found
-- Module opencv_sfm disabled because the following dependencies are not found: Eigen
-- Checking for module 'tesseract'
--   No package 'tesseract' found
-- Tesseract:   NO
-- Allocator metrics storage type: 'long long'
-- Registering hook 'INIT_MODULE_SOURCES_opencv_dnn': ../opencv-4.5.2/modules/dnn/cmake/hooks/INIT_MODULE_SOURCES_opencv_dnn.cmake
-- opencv_dnn: filter out cuda4dnn source code
-- rgbd: Eigen support is disabled. Eigen is Required for Posegraph optimization
-- OpenCL samples are skipped: OpenCL SDK is required
-- SYCL/OpenCL samples are skipped: SYCL SDK is required
--    - check configuration of SYCL_DIR/SYCL_ROOT/CMAKE_MODULE_PATH
--    - ensure that right compiler is selected from SYCL SDK (e.g, clang++): CMAKE_CXX_COMPILER=/usr/bin/c++
-- 
-- General configuration for OpenCV 4.5.2 =====================================
--   Version control:               unknown
-- 
--   Extra modules:
--     Location (extra):            ../opencv_contrib-4.5.2/modules
--     Version control (extra):     unknown
-- 
--   Platform:
--     Timestamp:                   2021-04-30T18:51:14Z
--     Host:                        Linux 5.3.0-28-generic x86_64
--     CMake:                       3.10.2
--     CMake generator:             Unix Makefiles
--     CMake build tool:            /usr/bin/make
--     Configuration:               RELEASE
-- 
--   CPU/HW features:
--     Baseline:                    SSE SSE2 SSE3
--       requested:                 SSE3
--     Dispatched code generation:  SSE4_1 SSE4_2 FP16 AVX AVX2 AVX512_SKX
--       requested:                 SSE4_1 SSE4_2 AVX FP16 AVX2 AVX512_SKX
--       SSE4_1 (17 files):         + SSSE3 SSE4_1
--       SSE4_2 (2 files):          + SSSE3 SSE4_1 POPCNT SSE4_2
--       FP16 (1 files):            + SSSE3 SSE4_1 POPCNT SSE4_2 FP16 AVX
--       AVX (5 files):             + SSSE3 SSE4_1 POPCNT SSE4_2 AVX
--       AVX2 (31 files):           + SSSE3 SSE4_1 POPCNT SSE4_2 FP16 FMA3 AVX AVX2
--       AVX512_SKX (7 files):      + SSSE3 SSE4_1 POPCNT SSE4_2 FP16 FMA3 AVX AVX2 AVX_512F AVX512_COMMON AVX512_SKX
-- 
--   C/C++:
--     Built as dynamic libs?:      YES
--     C++ standard:                11
--     C++ Compiler:                /usr/bin/c++  (ver 7.5.0)
--     C++ flags (Release):         -fsigned-char -W -Wall -Werror=return-type -Werror=non-virtual-dtor -Werror=address -Werror=sequence-point -Wformat -Werror=format-security -Wmissing-declarations -Wundef -Winit-self -Wpointer-arith -Wshadow -Wsign-promo -Wuninitialized -Wsuggest-override -Wno-delete-non-virtual-dtor -Wno-comment -Wimplicit-fallthrough=3 -Wno-strict-overflow -fdiagnostics-show-option -Wno-long-long -pthread -fomit-frame-pointer -ffunction-sections -fdata-sections  -msse -msse2 -msse3 -fvisibility=hidden -fvisibility-inlines-hidden -O3 -DNDEBUG  -DNDEBUG
--     C++ flags (Debug):           -fsigned-char -W -Wall -Werror=return-type -Werror=non-virtual-dtor -Werror=address -Werror=sequence-point -Wformat -Werror=format-security -Wmissing-declarations -Wundef -Winit-self -Wpointer-arith -Wshadow -Wsign-promo -Wuninitialized -Wsuggest-override -Wno-delete-non-virtual-dtor -Wno-comment -Wimplicit-fallthrough=3 -Wno-strict-overflow -fdiagnostics-show-option -Wno-long-long -pthread -fomit-frame-pointer -ffunction-sections -fdata-sections  -msse -msse2 -msse3 -fvisibility=hidden -fvisibility-inlines-hidden -g  -O0 -DDEBUG -D_DEBUG
--     C Compiler:                  /usr/bin/cc
--     C flags (Release):           -fsigned-char -W -Wall -Werror=return-type -Werror=address -Werror=sequence-point -Wformat -Werror=format-security -Wmissing-declarations -Wmissing-prototypes -Wstrict-prototypes -Wundef -Winit-self -Wpointer-arith -Wshadow -Wuninitialized -Wno-comment -Wimplicit-fallthrough=3 -Wno-strict-overflow -fdiagnostics-show-option -Wno-long-long -pthread -fomit-frame-pointer -ffunction-sections -fdata-sections  -msse -msse2 -msse3 -fvisibility=hidden -O3 -DNDEBUG  -DNDEBUG
--     C flags (Debug):             -fsigned-char -W -Wall -Werror=return-type -Werror=address -Werror=sequence-point -Wformat -Werror=format-security -Wmissing-declarations -Wmissing-prototypes -Wstrict-prototypes -Wundef -Winit-self -Wpointer-arith -Wshadow -Wuninitialized -Wno-comment -Wimplicit-fallthrough=3 -Wno-strict-overflow -fdiagnostics-show-option -Wno-long-long -pthread -fomit-frame-pointer -ffunction-sections -fdata-sections  -msse -msse2 -msse3 -fvisibility=hidden -g  -O0 -DDEBUG -D_DEBUG
--     Linker flags (Release):      -Wl,--exclude-libs,libippicv.a -Wl,--exclude-libs,libippiw.a   -Wl,--gc-sections -Wl,--as-needed  
--     Linker flags (Debug):        -Wl,--exclude-libs,libippicv.a -Wl,--exclude-libs,libippiw.a   -Wl,--gc-sections -Wl,--as-needed  
--     ccache:                      NO
--     Precompiled headers:         NO
--     Extra dependencies:          dl m pthread rt
--     3rdparty dependencies:
-- 
--   OpenCV modules:
--     To be built:                 aruco bgsegm bioinspired calib3d ccalib core datasets dnn dnn_objdetect dnn_superres dpm face features2d flann freetype fuzzy gapi hfs highgui img_hash imgcodecs imgproc intensity_transform line_descriptor mcc ml objdetect optflow phase_unwrapping photo plot python3 quality rapid reg rgbd saliency shape stereo stitching structured_light superres surface_matching text tracking ts video videoio videostab wechat_qrcode xfeatures2d ximgproc xobjdetect xphoto
--     Disabled:                    world
--     Disabled by dependency:      -
--     Unavailable:                 alphamat cnn_3dobj cudaarithm cudabgsegm cudacodec cudafeatures2d cudafilters cudaimgproc cudalegacy cudaobjdetect cudaoptflow cudastereo cudawarping cudev cvv hdf java julia matlab ovis python2 sfm viz
--     Applications:                tests perf_tests examples apps
--     Documentation:               NO
--     Non-free algorithms:         YES
-- 
--   GUI: 
--     GTK+:                        YES (ver 3.22.30)
--       GThread :                  YES (ver 2.56.4)
--       GtkGlExt:                  NO
--     VTK support:                 NO
-- 
--   Media I/O: 
--     ZLib:                        /usr/lib/x86_64-linux-gnu/libz.so (ver 1.2.11)
--     JPEG:                        /usr/lib/x86_64-linux-gnu/libjpeg.so (ver 80)
--     WEBP:                        build (ver encoder: 0x020f)
--     PNG:                         /usr/lib/x86_64-linux-gnu/libpng.so (ver 1.6.34)
--     TIFF:                        /usr/lib/x86_64-linux-gnu/libtiff.so (ver 42 / 4.0.9)
--     JPEG 2000:                   build (ver 2.4.0)
--     OpenEXR:                     build (ver 2.3.0)
--     HDR:                         YES
--     SUNRASTER:                   YES
--     PXM:                         YES
--     PFM:                         YES
-- 
--   Video I/O:
--     DC1394:                      YES (2.2.5)
--     FFMPEG:                      YES
--       avcodec:                   YES (57.107.100)
--       avformat:                  YES (57.83.100)
--       avutil:                    YES (55.78.100)
--       swscale:                   YES (4.8.100)
--       avresample:                NO
--     GStreamer:                   YES (1.14.5)
--     v4l/v4l2:                    YES (linux/videodev2.h)
-- 
--   Parallel framework:            pthreads
-- 
--   Trace:                         YES (with Intel ITT)
-- 
--   Other third-party libraries:
--     Intel IPP:                   2020.0.0 Gold [2020.0.0]
--            at:                   ../opencv-4.5.2/build/3rdparty/ippicv/ippicv_lnx/icv
--     Intel IPP IW:                sources (2020.0.0)
--               at:                ../opencv-4.5.2/build/3rdparty/ippicv/ippicv_lnx/iw
--     VA:                          NO
--     Lapack:                      YES (/usr/lib/x86_64-linux-gnu/liblapack.so /usr/lib/x86_64-linux-gnu/libcblas.so /usr/lib/x86_64-linux-gnu/libatlas.so)
--     Eigen:                       NO
--     Custom HAL:                  NO
--     Protobuf:                    build (3.5.1)
-- 
--   OpenCL:                        YES (no extra features)
--     Include path:                ../opencv-4.5.2/3rdparty/include/opencl/1.2
--     Link libraries:              Dynamic load
-- 
--   Python 3:
--     Interpreter:                 ../.virtualenvs/cv/bin/python3 (ver 3.6.9)
--     Libraries:                   /usr/lib/x86_64-linux-gnu/libpython3.6m.so (ver 3.6.9)
--     numpy:                       ../.virtualenvs/cv/lib/python3.6/site-packages/numpy/core/include (ver 1.19.5)
--     install path:                lib/python3.6/site-packages/cv2/python-3.6
-- 
--   Python (for build):            ../.virtualenvs/cv/bin/python3
-- 
--   Java:                          
--     ant:                         NO
--     JNI:                         NO
--     Java wrappers:               NO
--     Java tests:                  NO
-- 
--   Install to:                    /usr/local
-- -----------------------------------------------------------------
-- 
-- Configuring done
-- Generating done
-- Build files have been written to: ../opencv-4.5.2/build
